<?xml version="1.0" encoding="UTF-8"?>
<!-- Generated by org.testng.reporters.JUnitXMLReporter -->
<testsuite ignored="0" hostname="LAPTOP-N926GS71" failures="3" tests="26" name="Test" time="323.654" errors="0" timestamp="2022-07-18T21:55:51 IST">
  <testcase classname="com.testcase.LoginPageTest" name="multipleLoginTest" time="3.261"/>
  <testcase classname="com.testcase.LoginPageTest" name="multipleLoginTest" time="3.307"/>
  <testcase classname="com.testcase.LoginPageTest" name="multipleLoginTest" time="3.296"/>
  <testcase classname="com.testcase.LoginPageTest" name="loginPageTitleTest" time="0.017"/>
  <testcase classname="com.testcase.LoginPageTest" name="faceBookLogoImageTest" time="0.057"/>
  <testcase classname="com.testcase.LoginPageTest" name="loginTest" time="0.277"/>
  <testcase classname="com.testcase.HomePageTest" name="HomePageTitleTest" time="7.163">
    <failure type="java.lang.AssertionError" message="expected [Facebook] but found [Facebook – log in or sign up]">
      <![CDATA[java.lang.AssertionError: expected [Facebook] but found [Facebook – log in or sign up]
at com.testcase.HomePageTest.HomePageTitleTest(HomePageTest.java:50)
at java.base/java.util.ArrayList.forEach(ArrayList.java:1511)
... Removed 33 stack frames]]>
    </failure>
  </testcase> <!-- HomePageTitleTest -->
  <testcase classname="com.testcase.HomePageTest" name="verifyUserNameTest" time="7.63"/>
  <testcase classname="com.testcase.HomePageTest" name="verifyClickOnFriends" time="8.967"/>
  <testcase classname="com.testcase.HomePageTest" name="verifyHomePage" time="10.252"/>
  <testcase classname="com.testcase.HomePageTest" name="verifyClickOnLogout" time="11.578"/>
  <testcase classname="com.testcase.HomePageTest" name="verifyMenuLinkTest" time="5.964"/>
  <testcase classname="com.testcase.HomePageTest" name="verifyMessengerLinkTest" time="5.862"/>
  <testcase classname="com.testcase.HomePageTest" name="verifyNotificationsLinkTest" time="7.087"/>
  <testcase classname="com.testcase.ProfilePageTest" name="click_profilePage" time="6.067"/>
  <testcase classname="com.testcase.ProfilePageTest" name="verifyProfile" time="6.804"/>
  <testcase classname="com.testcase.ProfilePageTest" name="click_uploadPhoto" time="34.998">
    <failure type="org.openqa.selenium.NoSuchElementException" message="no such element: Unable to locate element: {&amp;quot;method&amp;quot;:&amp;quot;xpath&amp;quot;,&amp;quot;selector&amp;quot;:&amp;quot;//span[text()=&amp;apos;Save&amp;apos;]&amp;quot;}
  (Session info: chrome=103.0.5060.114)
For documentation on this error, please visit: https://selenium.dev/exceptions/#no_such_element
Build info: version: &amp;apos;4.1.4&amp;apos;, revision: &amp;apos;535d840ee2&amp;apos;
System info: host: &amp;apos;LAPTOP-N926GS71&amp;apos;, ip: &amp;apos;192.168.43.185&amp;apos;, os.name: &amp;apos;Windows 11&amp;apos;, os.arch: &amp;apos;amd64&amp;apos;, os.version: &amp;apos;10.0&amp;apos;, java.version: &amp;apos;17.0.2&amp;apos;
Driver info: org.openqa.selenium.chrome.ChromeDriver
Command: [de7cbea26d6b1bf61ae65a5ebf591eb1, findElement {using=xpath, value=//span[text()=&amp;apos;Save&amp;apos;]}]
Capabilities {acceptInsecureCerts: false, browserName: chrome, browserVersion: 103.0.5060.114, chrome: {chromedriverVersion: 103.0.5060.53 (a1711811edd7..., userDataDir: C:\Users\VAIBHAV\AppData\Lo...}, goog:chromeOptions: {debuggerAddress: localhost:53763}, javascriptEnabled: true, networkConnectionEnabled: false, pageLoadStrategy: normal, platform: WINDOWS, platformName: WINDOWS, proxy: Proxy(), se:cdp: ws://localhost:53763/devtoo..., se:cdpVersion: 103.0.5060.114, setWindowRect: true, strictFileInteractability: false, timeouts: {implicit: 0, pageLoad: 300000, script: 30000}, unhandledPromptBehavior: dismiss and notify, webauthn:extension:credBlob: true, webauthn:extension:largeBlob: true, webauthn:virtualAuthenticators: true}
Session ID: de7cbea26d6b1bf61ae65a5ebf591eb1">
      <![CDATA[org.openqa.selenium.NoSuchElementException: no such element: Unable to locate element: {"method":"xpath","selector":"//span[text()='Save']"}
  (Session info: chrome=103.0.5060.114)
For documentation on this error, please visit: https://selenium.dev/exceptions/#no_such_element
Build info: version: '4.1.4', revision: '535d840ee2'
System info: host: 'LAPTOP-N926GS71', ip: '192.168.43.185', os.name: 'Windows 11', os.arch: 'amd64', os.version: '10.0', java.version: '17.0.2'
Driver info: org.openqa.selenium.chrome.ChromeDriver
Command: [de7cbea26d6b1bf61ae65a5ebf591eb1, findElement {using=xpath, value=//span[text()='Save']}]
Capabilities {acceptInsecureCerts: false, browserName: chrome, browserVersion: 103.0.5060.114, chrome: {chromedriverVersion: 103.0.5060.53 (a1711811edd7..., userDataDir: C:\Users\VAIBHAV\AppData\Lo...}, goog:chromeOptions: {debuggerAddress: localhost:53763}, javascriptEnabled: true, networkConnectionEnabled: false, pageLoadStrategy: normal, platform: WINDOWS, platformName: WINDOWS, proxy: Proxy(), se:cdp: ws://localhost:53763/devtoo..., se:cdpVersion: 103.0.5060.114, setWindowRect: true, strictFileInteractability: false, timeouts: {implicit: 0, pageLoad: 300000, script: 30000}, unhandledPromptBehavior: dismiss and notify, webauthn:extension:credBlob: true, webauthn:extension:largeBlob: true, webauthn:virtualAuthenticators: true}
Session ID: de7cbea26d6b1bf61ae65a5ebf591eb1
at org.openqa.selenium.remote.codec.w3c.W3CHttpResponseCodec.createException(W3CHttpResponseCodec.java:200)
at org.openqa.selenium.remote.codec.w3c.W3CHttpResponseCodec.decode(W3CHttpResponseCodec.java:133)
at org.openqa.selenium.remote.codec.w3c.W3CHttpResponseCodec.decode(W3CHttpResponseCodec.java:53)
at org.openqa.selenium.remote.HttpCommandExecutor.execute(HttpCommandExecutor.java:184)
at org.openqa.selenium.remote.service.DriverCommandExecutor.invokeExecute(DriverCommandExecutor.java:167)
at org.openqa.selenium.remote.service.DriverCommandExecutor.execute(DriverCommandExecutor.java:142)
at org.openqa.selenium.remote.RemoteWebDriver.execute(RemoteWebDriver.java:567)
at org.openqa.selenium.remote.ElementLocation$ElementFinder$2.findElement(ElementLocation.java:162)
at org.openqa.selenium.remote.ElementLocation.findElement(ElementLocation.java:60)
at org.openqa.selenium.remote.RemoteWebDriver.findElement(RemoteWebDriver.java:385)
at org.openqa.selenium.remote.RemoteWebDriver.findElement(RemoteWebDriver.java:377)
at org.openqa.selenium.support.events.EventFiringWebDriver.lambda$new$1(EventFiringWebDriver.java:115)
at jdk.proxy2/jdk.proxy2.$Proxy19.findElement(Unknown Source)
at org.openqa.selenium.support.events.EventFiringWebDriver.findElement(EventFiringWebDriver.java:204)
at org.openqa.selenium.support.pagefactory.DefaultElementLocator.findElement(DefaultElementLocator.java:70)
at org.openqa.selenium.support.pagefactory.internal.LocatingElementHandler.invoke(LocatingElementHandler.java:39)
at jdk.proxy2/jdk.proxy2.$Proxy23.click(Unknown Source)
at com.pages.ProfilePage.click_photoUpload(ProfilePage.java:62)
at com.testcase.ProfilePageTest.click_uploadPhoto(ProfilePageTest.java:50)
at java.base/java.util.ArrayList.forEach(ArrayList.java:1511)
... Removed 35 stack frames]]>
    </failure>
  </testcase> <!-- click_uploadPhoto -->
  <testcase classname="com.testcase.SignUpPageTest" name="signUpPageTitleTest" time="0.01"/>
  <testcase classname="com.testcase.SignUpPageTest" name="SignUpTest" time="1.858"/>
  <testcase classname="com.testcase.FindFriendsTest" name="verifyFindFriendsTitleTest" time="0.053">
    <failure type="java.lang.AssertionError" message="Home Page is Incorrect expected [Facebook] but found [(1) Facebook]">
      <![CDATA[java.lang.AssertionError: Home Page is Incorrect expected [Facebook] but found [(1) Facebook]
at com.testcase.FindFriendsTest.verifyFindFriendsTitleTest(FindFriendsTest.java:36)
at java.base/java.util.ArrayList.forEach(ArrayList.java:1511)
... Removed 32 stack frames]]>
    </failure>
  </testcase> <!-- verifyFindFriendsTitleTest -->
  <testcase classname="com.testcase.FindFriendsTest" name="verifyFriendRequestLink" time="0.211"/>
  <testcase classname="com.testcase.FindFriendsTest" name="verifySuggestionsLink" time="1.469"/>
  <testcase classname="com.testcase.FindFriendsTest" name="verifyBirthdaysLink" time="1.727"/>
  <testcase classname="com.testcase.FindFriendsTest" name="verifyCustomsLink" time="1.424"/>
  <testcase classname="com.testcase.FindFriendsTest" name="add_friend" time="4.28"/>
  <testcase classname="com.testcase.FindFriendsTest" name="confirm_friend" time="5.978"/>
</testsuite> <!-- Test -->
