<?xml version="1.0" encoding="UTF-8"?>
<!-- Generated by org.testng.reporters.JUnitXMLReporter -->
<testsuite ignored="0" hostname="LAPTOP-N926GS71" failures="1" tests="23" name="Facebook App Test Cases" time="340.233" errors="0" timestamp="2022-07-16T22:08:18 IST">
  <testcase classname="com.testcase.LoginPageTest" name="loginPageTitleTest" time="0.018"/>
  <testcase classname="com.testcase.LoginPageTest" name="faceBookLogoImageTest" time="0.053"/>
  <testcase classname="com.testcase.LoginPageTest" name="loginTest" time="0.285"/>
  <testcase classname="com.testcase.HomePageTest" name="HomePageTitleTest" time="11.396">
    <failure type="java.lang.AssertionError" message="expected [Facebook] but found [(1) Facebook]">
      <![CDATA[java.lang.AssertionError: expected [Facebook] but found [(1) Facebook]
at com.testcase.HomePageTest.HomePageTitleTest(HomePageTest.java:45)
at java.base/java.util.ArrayList.forEach(ArrayList.java:1511)
... Removed 33 stack frames]]>
    </failure>
  </testcase> <!-- HomePageTitleTest -->
  <testcase classname="com.testcase.HomePageTest" name="verifyUserNameTest" time="13.322"/>
  <testcase classname="com.testcase.HomePageTest" name="verifyClickOnFriends" time="8.129"/>
  <testcase classname="com.testcase.HomePageTest" name="verifyHomePage" time="9.288"/>
  <testcase classname="com.testcase.HomePageTest" name="verifyClickOnLogout" time="12.517"/>
  <testcase classname="com.testcase.HomePageTest" name="verifyMenuLinkTest" time="13.371"/>
  <testcase classname="com.testcase.HomePageTest" name="verifyMessengerLinkTest" time="15.069"/>
  <testcase classname="com.testcase.HomePageTest" name="verifyNotificationsLinkTest" time="9.812"/>
  <testcase classname="com.testcase.ProfilePageTest" name="click_profilePage" time="8.648"/>
  <testcase classname="com.testcase.ProfilePageTest" name="verifyProfile" time="6.195"/>
  <testcase classname="com.testcase.ProfilePageTest" name="click_uploadPhoto" time="22.352"/>
  <testcase classname="com.testcase.FindFriendsTest" name="verifyFindFriendsTitleTest" time="0.05"/>
  <testcase classname="com.testcase.FindFriendsTest" name="verifyFriendRequestLink" time="0.149"/>
  <testcase classname="com.testcase.FindFriendsTest" name="verifySuggestionsLink" time="1.788"/>
  <testcase classname="com.testcase.FindFriendsTest" name="verifyBirthdaysLink" time="1.662"/>
  <testcase classname="com.testcase.FindFriendsTest" name="verifyCustomsLink" time="4.254"/>
  <testcase classname="com.testcase.FindFriendsTest" name="add_friend" time="5.298"/>
  <testcase classname="com.testcase.FindFriendsTest" name="confirm_friend" time="4.477"/>
  <testcase classname="com.testcase.SignUpPageTest" name="signUpPageTitleTest" time="0.01"/>
  <testcase classname="com.testcase.SignUpPageTest" name="SignUpTest" time="1.544"/>
</testsuite> <!-- Facebook App Test Cases -->
