<!DOCTYPE html PUBLIC "-//W3C//DTD XHTML 1.1//EN" "https://www.w3.org/TR/xhtml11/DTD/xhtml11.dtd">
<html xmlns="https://www.w3.org/1999/xhtml">
<head>
<meta http-equiv="content-type" content="text/html; charset=UTF-8"/>
<title>TestNG Report</title>
<style type="text/css">table {margin-bottom:10px;border-collapse:collapse;empty-cells:show}th,td {border:1px solid #009;padding:.25em .5em}th {vertical-align:bottom}td {vertical-align:top}table a {font-weight:bold}.stripe td {background-color: #E6EBF9}.num {text-align:right}.passedodd td {background-color: #3F3}.passedeven td {background-color: #0A0}.skippedodd td {background-color: #DDD}.skippedeven td {background-color: #CCC}.failedodd td,.attn {background-color: #F33}.failedeven td,.stripe .attn {background-color: #D00}.stacktrace {white-space:pre;font-family:monospace}.totop {font-size:85%;text-align:center;border-bottom:2px solid #000}.invisible {display:none}</style>
</head>
<body>
<table>
<tr><th>Test</th><th># Passed</th><th># Skipped</th><th># Retried</th><th># Failed</th><th>Time (ms)</th><th>Included Groups</th><th>Excluded Groups</th></tr>
<tr><th colspan="8">Facebook Application Test Automation Test Suite</th></tr>
<tr><td><a href="#t0">Facebook App Test Cases</a></td><td class="num">23</td><td class="num">0</td><td class="num">0</td><td class="num attn">3</td><td class="num">246,468</td><td></td><td></td></tr>
</table>
<table id='summary'><thead><tr><th>Class</th><th>Method</th><th>Start</th><th>Time (ms)</th></tr></thead><tbody><tr><th colspan="4">Facebook Application Test Automation Test Suite</th></tr></tbody><tbody id="t0"><tr><th colspan="4">Facebook App Test Cases &#8212; failed</th></tr><tr class="failedeven"><td rowspan="1">com.testcase.FindFriendsTest</td><td><a href="#m0">verifyFindFriendsTitleTest</a></td><td rowspan="1">1658134902603</td><td rowspan="1">24</td></tr><tr class="failedodd"><td rowspan="1">com.testcase.HomePageTest</td><td><a href="#m1">HomePageTitleTest</a></td><td rowspan="1">1658134760283</td><td rowspan="1">7534</td></tr><tr class="failedeven"><td rowspan="1">com.testcase.ProfilePageTest</td><td><a href="#m2">click_uploadPhoto</a></td><td rowspan="1">1658134858842</td><td rowspan="1">34429</td></tr><tr><th colspan="4">Facebook App Test Cases &#8212; passed</th></tr><tr class="passedeven"><td rowspan="6">com.testcase.FindFriendsTest</td><td><a href="#m3">add_friend</a></td><td rowspan="1">1658134948167</td><td rowspan="1">4043</td></tr><tr class="passedeven"><td><a href="#m4">confirm_friend</a></td><td rowspan="1">1658134960270</td><td rowspan="1">4042</td></tr><tr class="passedeven"><td><a href="#m5">verifyBirthdaysLink</a></td><td rowspan="1">1658134929589</td><td rowspan="1">1036</td></tr><tr class="passedeven"><td><a href="#m6">verifyCustomsLink</a></td><td rowspan="1">1658134938909</td><td rowspan="1">1020</td></tr><tr class="passedeven"><td><a href="#m7">verifyFriendRequestLink</a></td><td rowspan="1">1658134911193</td><td rowspan="1">141</td></tr><tr class="passedeven"><td><a href="#m8">verifySuggestionsLink</a></td><td rowspan="1">1658134920045</td><td rowspan="1">1143</td></tr><tr class="passedodd"><td rowspan="7">com.testcase.HomePageTest</td><td><a href="#m9">verifyClickOnFriends</a></td><td rowspan="1">1658134779427</td><td rowspan="1">7444</td></tr><tr class="passedodd"><td><a href="#m10">verifyClickOnLogout</a></td><td rowspan="1">1658134804536</td><td rowspan="1">10669</td></tr><tr class="passedodd"><td><a href="#m11">verifyHomePage</a></td><td rowspan="1">1658134789770</td><td rowspan="1">11963</td></tr><tr class="passedodd"><td><a href="#m12">verifyMenuLinkTest</a></td><td rowspan="1">1658134817917</td><td rowspan="1">5377</td></tr><tr class="passedodd"><td><a href="#m13">verifyMessengerLinkTest</a></td><td rowspan="1">1658134826453</td><td rowspan="1">5761</td></tr><tr class="passedodd"><td><a href="#m14">verifyNotificationsLinkTest</a></td><td rowspan="1">1658134834958</td><td rowspan="1">5106</td></tr><tr class="passedodd"><td><a href="#m15">verifyUserNameTest</a></td><td rowspan="1">1658134771006</td><td rowspan="1">5304</td></tr><tr class="passedeven"><td rowspan="6">com.testcase.LoginPageTest</td><td><a href="#m16">faceBookLogoImageTest</a></td><td rowspan="1">1658134753647</td><td rowspan="1">42</td></tr><tr class="passedeven"><td><a href="#m17">loginPageTitleTest</a></td><td rowspan="1">1658134750737</td><td rowspan="1">12</td></tr><tr class="passedeven"><td><a href="#m18">loginTest</a></td><td rowspan="1">1658134756673</td><td rowspan="1">204</td></tr><tr class="passedeven"><td><a href="#m19">multipleLoginTest</a></td><td rowspan="3">1658134731482</td><td rowspan="3">3380</td></tr><tr class="passedeven"><td><a href="#m20">multipleLoginTest</a></td></tr><tr class="passedeven"><td><a href="#m21">multipleLoginTest</a></td></tr><tr class="passedodd"><td rowspan="2">com.testcase.ProfilePageTest</td><td><a href="#m22">click_profilePage</a></td><td rowspan="1">1658134842974</td><td rowspan="1">5303</td></tr><tr class="passedodd"><td><a href="#m23">verifyProfile</a></td><td rowspan="1">1658134850884</td><td rowspan="1">5075</td></tr><tr class="passedeven"><td rowspan="2">com.testcase.SignUpPageTest</td><td><a href="#m24">SignUpTest</a></td><td rowspan="1">1658134969973</td><td rowspan="1">1598</td></tr><tr class="passedeven"><td><a href="#m25">signUpPageTitleTest</a></td><td rowspan="1">1658134967114</td><td rowspan="1">13</td></tr></tbody>
</table>
<h2>Facebook App Test Cases</h2><h3 id="m0">com.testcase.FindFriendsTest#verifyFindFriendsTitleTest</h3><table class="result"><tr><th>Exception</th></tr><tr><td><div class="stacktrace">java.lang.AssertionError: Home Page is Incorrect expected [Facebook] but found [(1) Facebook]
	at com.testcase.FindFriendsTest.verifyFindFriendsTitleTest(FindFriendsTest.java:36)
	at java.base/java.util.ArrayList.forEach(ArrayList.java:1511)
... Removed 32 stack frames</div></td></tr></table><p class="totop"><a href="#summary">back to summary</a></p>
<h3 id="m1">com.testcase.HomePageTest#HomePageTitleTest</h3><table class="result"><tr><th>Exception</th></tr><tr><td><div class="stacktrace">java.lang.AssertionError: expected [Facebook] but found [Facebook â€“ log in or sign up]
	at com.testcase.HomePageTest.HomePageTitleTest(HomePageTest.java:50)
	at java.base/java.util.ArrayList.forEach(ArrayList.java:1511)
... Removed 33 stack frames</div></td></tr></table><p class="totop"><a href="#summary">back to summary</a></p>
<h3 id="m2">com.testcase.ProfilePageTest#click_uploadPhoto</h3><table class="result"><tr><th>Exception</th></tr><tr><td><div class="stacktrace">org.openqa.selenium.NoSuchElementException: no such element: Unable to locate element: {&quot;method&quot;:&quot;xpath&quot;,&quot;selector&quot;:&quot;//span[text()=&apos;Save&apos;]&quot;}
  (Session info: chrome=103.0.5060.114)
For documentation on this error, please visit: https://selenium.dev/exceptions/#no_such_element
Build info: version: &apos;4.1.4&apos;, revision: &apos;535d840ee2&apos;
System info: host: &apos;LAPTOP-N926GS71&apos;, ip: &apos;192.168.43.185&apos;, os.name: &apos;Windows 11&apos;, os.arch: &apos;amd64&apos;, os.version: &apos;10.0&apos;, java.version: &apos;17.0.2&apos;
Driver info: org.openqa.selenium.chrome.ChromeDriver
Command: [958d8824fb0dcd9811b03de10e90ffae, findElement {using=xpath, value=//span[text()=&apos;Save&apos;]}]
Capabilities {acceptInsecureCerts: false, browserName: chrome, browserVersion: 103.0.5060.114, chrome: {chromedriverVersion: 103.0.5060.53 (a1711811edd7..., userDataDir: C:\Users\VAIBHAV\AppData\Lo...}, goog:chromeOptions: {debuggerAddress: localhost:53040}, javascriptEnabled: true, networkConnectionEnabled: false, pageLoadStrategy: normal, platform: WINDOWS, platformName: WINDOWS, proxy: Proxy(), se:cdp: ws://localhost:53040/devtoo..., se:cdpVersion: 103.0.5060.114, setWindowRect: true, strictFileInteractability: false, timeouts: {implicit: 0, pageLoad: 300000, script: 30000}, unhandledPromptBehavior: dismiss and notify, webauthn:extension:credBlob: true, webauthn:extension:largeBlob: true, webauthn:virtualAuthenticators: true}
Session ID: 958d8824fb0dcd9811b03de10e90ffae
	at org.openqa.selenium.remote.codec.w3c.W3CHttpResponseCodec.createException(W3CHttpResponseCodec.java:200)
	at org.openqa.selenium.remote.codec.w3c.W3CHttpResponseCodec.decode(W3CHttpResponseCodec.java:133)
	at org.openqa.selenium.remote.codec.w3c.W3CHttpResponseCodec.decode(W3CHttpResponseCodec.java:53)
	at org.openqa.selenium.remote.HttpCommandExecutor.execute(HttpCommandExecutor.java:184)
	at org.openqa.selenium.remote.service.DriverCommandExecutor.invokeExecute(DriverCommandExecutor.java:167)
	at org.openqa.selenium.remote.service.DriverCommandExecutor.execute(DriverCommandExecutor.java:142)
	at org.openqa.selenium.remote.RemoteWebDriver.execute(RemoteWebDriver.java:567)
	at org.openqa.selenium.remote.ElementLocation$ElementFinder$2.findElement(ElementLocation.java:162)
	at org.openqa.selenium.remote.ElementLocation.findElement(ElementLocation.java:60)
	at org.openqa.selenium.remote.RemoteWebDriver.findElement(RemoteWebDriver.java:385)
	at org.openqa.selenium.remote.RemoteWebDriver.findElement(RemoteWebDriver.java:377)
	at org.openqa.selenium.support.events.EventFiringWebDriver.lambda$new$1(EventFiringWebDriver.java:115)
	at jdk.proxy2/jdk.proxy2.$Proxy19.findElement(Unknown Source)
	at org.openqa.selenium.support.events.EventFiringWebDriver.findElement(EventFiringWebDriver.java:204)
	at org.openqa.selenium.support.pagefactory.DefaultElementLocator.findElement(DefaultElementLocator.java:70)
	at org.openqa.selenium.support.pagefactory.internal.LocatingElementHandler.invoke(LocatingElementHandler.java:39)
	at jdk.proxy2/jdk.proxy2.$Proxy23.click(Unknown Source)
	at com.pages.ProfilePage.click_photoUpload(ProfilePage.java:62)
	at com.testcase.ProfilePageTest.click_uploadPhoto(ProfilePageTest.java:50)
	at java.base/java.util.ArrayList.forEach(ArrayList.java:1511)
... Removed 35 stack frames</div></td></tr></table><p class="totop"><a href="#summary">back to summary</a></p>
<h3 id="m3">com.testcase.FindFriendsTest#add_friend</h3><table class="result"><tr><th class="invisible"/></tr></table><p class="totop"><a href="#summary">back to summary</a></p>
<h3 id="m4">com.testcase.FindFriendsTest#confirm_friend</h3><table class="result"><tr><th class="invisible"/></tr></table><p class="totop"><a href="#summary">back to summary</a></p>
<h3 id="m5">com.testcase.FindFriendsTest#verifyBirthdaysLink</h3><table class="result"><tr><th class="invisible"/></tr></table><p class="totop"><a href="#summary">back to summary</a></p>
<h3 id="m6">com.testcase.FindFriendsTest#verifyCustomsLink</h3><table class="result"><tr><th class="invisible"/></tr></table><p class="totop"><a href="#summary">back to summary</a></p>
<h3 id="m7">com.testcase.FindFriendsTest#verifyFriendRequestLink</h3><table class="result"><tr><th class="invisible"/></tr></table><p class="totop"><a href="#summary">back to summary</a></p>
<h3 id="m8">com.testcase.FindFriendsTest#verifySuggestionsLink</h3><table class="result"><tr><th class="invisible"/></tr></table><p class="totop"><a href="#summary">back to summary</a></p>
<h3 id="m9">com.testcase.HomePageTest#verifyClickOnFriends</h3><table class="result"><tr><th class="invisible"/></tr></table><p class="totop"><a href="#summary">back to summary</a></p>
<h3 id="m10">com.testcase.HomePageTest#verifyClickOnLogout</h3><table class="result"><tr><th class="invisible"/></tr></table><p class="totop"><a href="#summary">back to summary</a></p>
<h3 id="m11">com.testcase.HomePageTest#verifyHomePage</h3><table class="result"><tr><th class="invisible"/></tr></table><p class="totop"><a href="#summary">back to summary</a></p>
<h3 id="m12">com.testcase.HomePageTest#verifyMenuLinkTest</h3><table class="result"><tr><th class="invisible"/></tr></table><p class="totop"><a href="#summary">back to summary</a></p>
<h3 id="m13">com.testcase.HomePageTest#verifyMessengerLinkTest</h3><table class="result"><tr><th class="invisible"/></tr></table><p class="totop"><a href="#summary">back to summary</a></p>
<h3 id="m14">com.testcase.HomePageTest#verifyNotificationsLinkTest</h3><table class="result"><tr><th class="invisible"/></tr></table><p class="totop"><a href="#summary">back to summary</a></p>
<h3 id="m15">com.testcase.HomePageTest#verifyUserNameTest</h3><table class="result"><tr><th class="invisible"/></tr></table><p class="totop"><a href="#summary">back to summary</a></p>
<h3 id="m16">com.testcase.LoginPageTest#faceBookLogoImageTest</h3><table class="result"><tr><th class="invisible"/></tr></table><p class="totop"><a href="#summary">back to summary</a></p>
<h3 id="m17">com.testcase.LoginPageTest#loginPageTitleTest</h3><table class="result"><tr><th class="invisible"/></tr></table><p class="totop"><a href="#summary">back to summary</a></p>
<h3 id="m18">com.testcase.LoginPageTest#loginTest</h3><table class="result"><tr><th class="invisible"/></tr></table><p class="totop"><a href="#summary">back to summary</a></p>
<h3 id="m19">com.testcase.LoginPageTest#multipleLoginTest</h3><table class="result"><tr class="param"><th>Parameter #1</th><th>Parameter #2</th></tr><tr class="param stripe"><td>vaibhavbohari@gmail.com</td><td>Vaibhav1@</td></tr></table><p class="totop"><a href="#summary">back to summary</a></p>
<h3 id="m20">com.testcase.LoginPageTest#multipleLoginTest</h3><table class="result"><tr class="param"><th>Parameter #1</th><th>Parameter #2</th></tr><tr class="param stripe"><td>vaibhavbohari@1997gmail.com</td><td>Vaibhav2@</td></tr></table><p class="totop"><a href="#summary">back to summary</a></p>
<h3 id="m21">com.testcase.LoginPageTest#multipleLoginTest</h3><table class="result"><tr class="param"><th>Parameter #1</th><th>Parameter #2</th></tr><tr class="param stripe"><td>vaibhav@1451gmail.com</td><td>vaibhav589@</td></tr></table><p class="totop"><a href="#summary">back to summary</a></p>
<h3 id="m22">com.testcase.ProfilePageTest#click_profilePage</h3><table class="result"><tr><th class="invisible"/></tr></table><p class="totop"><a href="#summary">back to summary</a></p>
<h3 id="m23">com.testcase.ProfilePageTest#verifyProfile</h3><table class="result"><tr><th class="invisible"/></tr></table><p class="totop"><a href="#summary">back to summary</a></p>
<h3 id="m24">com.testcase.SignUpPageTest#SignUpTest</h3><table class="result"><tr><th class="invisible"/></tr></table><p class="totop"><a href="#summary">back to summary</a></p>
<h3 id="m25">com.testcase.SignUpPageTest#signUpPageTitleTest</h3><table class="result"><tr><th class="invisible"/></tr></table><p class="totop"><a href="#summary">back to summary</a></p>
</body>
</html>
