<?xml version="1.0" encoding="UTF-8"?>
<testng-results ignored="0" total="26" passed="23" failed="3" skipped="0">
  <reporter-output>
  </reporter-output>
  <suite started-at="2022-07-18T14:28:45 IST" name="Facebook Application Test Automation Test Suite" finished-at="2022-07-18T14:32:51 IST" duration-ms="246468">
    <groups>
    </groups>
    <test started-at="2022-07-18T14:28:45 IST" name="Facebook App Test Cases" finished-at="2022-07-18T14:32:51 IST" duration-ms="246468">
      <class name="com.testcase.FindFriendsTest">
        <test-method is-config="true" signature="setUp()[pri:0, instance:com.testcase.FindFriendsTest@68878f6d]" started-at="2022-07-18T14:31:33 IST" name="setUp" finished-at="2022-07-18T14:31:42 IST" duration-ms="8716" status="PASS">
          <reporter-output>
          </reporter-output>
        </test-method> <!-- setUp -->
        <test-method signature="verifyFindFriendsTitleTest()[pri:1, instance:com.testcase.FindFriendsTest@68878f6d]" started-at="2022-07-18T14:31:42 IST" name="verifyFindFriendsTitleTest" finished-at="2022-07-18T14:31:42 IST" duration-ms="24" status="FAIL">
          <exception class="java.lang.AssertionError">
            <message>
              <![CDATA[Home Page is Incorrect expected [Facebook] but found [(1) Facebook]]]>
            </message>
            <full-stacktrace>
              <![CDATA[java.lang.AssertionError: Home Page is Incorrect expected [Facebook] but found [(1) Facebook]
at org.testng.Assert.fail(Assert.java:99)
at org.testng.Assert.failNotEquals(Assert.java:1037)
at org.testng.Assert.assertEqualsImpl(Assert.java:140)
at org.testng.Assert.assertEquals(Assert.java:122)
at org.testng.Assert.assertEquals(Assert.java:629)
at com.testcase.FindFriendsTest.verifyFindFriendsTitleTest(FindFriendsTest.java:36)
at java.base/jdk.internal.reflect.NativeMethodAccessorImpl.invoke0(Native Method)
at java.base/jdk.internal.reflect.NativeMethodAccessorImpl.invoke(NativeMethodAccessorImpl.java:77)
at java.base/jdk.internal.reflect.DelegatingMethodAccessorImpl.invoke(DelegatingMethodAccessorImpl.java:43)
at java.base/java.lang.reflect.Method.invoke(Method.java:568)
at org.testng.internal.MethodInvocationHelper.invokeMethod(MethodInvocationHelper.java:133)
at org.testng.internal.TestInvoker.invokeMethod(TestInvoker.java:598)
at org.testng.internal.TestInvoker.invokeTestMethod(TestInvoker.java:173)
at org.testng.internal.MethodRunner.runInSequence(MethodRunner.java:46)
at org.testng.internal.TestInvoker$MethodInvocationAgent.invoke(TestInvoker.java:824)
at org.testng.internal.TestInvoker.invokeTestMethods(TestInvoker.java:146)
at org.testng.internal.TestMethodWorker.invokeTestMethods(TestMethodWorker.java:146)
at org.testng.internal.TestMethodWorker.run(TestMethodWorker.java:128)
at java.base/java.util.ArrayList.forEach(ArrayList.java:1511)
at org.testng.TestRunner.privateRun(TestRunner.java:794)
at org.testng.TestRunner.run(TestRunner.java:596)
at org.testng.SuiteRunner.runTest(SuiteRunner.java:377)
at org.testng.SuiteRunner.runSequentially(SuiteRunner.java:371)
at org.testng.SuiteRunner.privateRun(SuiteRunner.java:332)
at org.testng.SuiteRunner.run(SuiteRunner.java:276)
at org.testng.SuiteRunnerWorker.runSuite(SuiteRunnerWorker.java:53)
at org.testng.SuiteRunnerWorker.run(SuiteRunnerWorker.java:96)
at org.testng.TestNG.runSuitesSequentially(TestNG.java:1212)
at org.testng.TestNG.runSuitesLocally(TestNG.java:1134)
at org.testng.TestNG.runSuites(TestNG.java:1063)
at org.testng.TestNG.run(TestNG.java:1031)
at org.testng.remote.AbstractRemoteTestNG.run(AbstractRemoteTestNG.java:115)
at org.testng.remote.RemoteTestNG.initAndRun(RemoteTestNG.java:251)
at org.testng.remote.RemoteTestNG.main(RemoteTestNG.java:77)
]]>
            </full-stacktrace>
          </exception> <!-- java.lang.AssertionError -->
          <reporter-output>
          </reporter-output>
        </test-method> <!-- verifyFindFriendsTitleTest -->
        <test-method is-config="true" signature="tearDown()[pri:0, instance:com.testcase.FindFriendsTest@68878f6d]" started-at="2022-07-18T14:31:42 IST" name="tearDown" finished-at="2022-07-18T14:31:42 IST" duration-ms="245" status="PASS">
          <reporter-output>
          </reporter-output>
        </test-method> <!-- tearDown -->
        <test-method is-config="true" signature="setUp()[pri:0, instance:com.testcase.FindFriendsTest@68878f6d]" started-at="2022-07-18T14:31:42 IST" name="setUp" finished-at="2022-07-18T14:31:51 IST" duration-ms="8314" status="PASS">
          <reporter-output>
          </reporter-output>
        </test-method> <!-- setUp -->
        <test-method signature="verifyFriendRequestLink()[pri:2, instance:com.testcase.FindFriendsTest@68878f6d]" started-at="2022-07-18T14:31:51 IST" name="verifyFriendRequestLink" finished-at="2022-07-18T14:31:51 IST" duration-ms="141" status="PASS">
          <reporter-output>
          </reporter-output>
        </test-method> <!-- verifyFriendRequestLink -->
        <test-method is-config="true" signature="tearDown()[pri:0, instance:com.testcase.FindFriendsTest@68878f6d]" started-at="2022-07-18T14:31:51 IST" name="tearDown" finished-at="2022-07-18T14:31:51 IST" duration-ms="186" status="PASS">
          <reporter-output>
          </reporter-output>
        </test-method> <!-- tearDown -->
        <test-method is-config="true" signature="setUp()[pri:0, instance:com.testcase.FindFriendsTest@68878f6d]" started-at="2022-07-18T14:31:51 IST" name="setUp" finished-at="2022-07-18T14:32:00 IST" duration-ms="8515" status="PASS">
          <reporter-output>
          </reporter-output>
        </test-method> <!-- setUp -->
        <test-method signature="verifySuggestionsLink()[pri:3, instance:com.testcase.FindFriendsTest@68878f6d]" started-at="2022-07-18T14:32:00 IST" name="verifySuggestionsLink" finished-at="2022-07-18T14:32:01 IST" duration-ms="1143" status="PASS">
          <reporter-output>
          </reporter-output>
        </test-method> <!-- verifySuggestionsLink -->
        <test-method is-config="true" signature="tearDown()[pri:0, instance:com.testcase.FindFriendsTest@68878f6d]" started-at="2022-07-18T14:32:01 IST" name="tearDown" finished-at="2022-07-18T14:32:01 IST" duration-ms="265" status="PASS">
          <reporter-output>
          </reporter-output>
        </test-method> <!-- tearDown -->
        <test-method is-config="true" signature="setUp()[pri:0, instance:com.testcase.FindFriendsTest@68878f6d]" started-at="2022-07-18T14:32:01 IST" name="setUp" finished-at="2022-07-18T14:32:09 IST" duration-ms="8128" status="PASS">
          <reporter-output>
          </reporter-output>
        </test-method> <!-- setUp -->
        <test-method signature="verifyBirthdaysLink()[pri:4, instance:com.testcase.FindFriendsTest@68878f6d]" started-at="2022-07-18T14:32:09 IST" name="verifyBirthdaysLink" finished-at="2022-07-18T14:32:10 IST" duration-ms="1036" status="PASS">
          <reporter-output>
          </reporter-output>
        </test-method> <!-- verifyBirthdaysLink -->
        <test-method is-config="true" signature="tearDown()[pri:0, instance:com.testcase.FindFriendsTest@68878f6d]" started-at="2022-07-18T14:32:10 IST" name="tearDown" finished-at="2022-07-18T14:32:10 IST" duration-ms="183" status="PASS">
          <reporter-output>
          </reporter-output>
        </test-method> <!-- tearDown -->
        <test-method is-config="true" signature="setUp()[pri:0, instance:com.testcase.FindFriendsTest@68878f6d]" started-at="2022-07-18T14:32:10 IST" name="setUp" finished-at="2022-07-18T14:32:18 IST" duration-ms="8090" status="PASS">
          <reporter-output>
          </reporter-output>
        </test-method> <!-- setUp -->
        <test-method signature="verifyCustomsLink()[pri:5, instance:com.testcase.FindFriendsTest@68878f6d]" started-at="2022-07-18T14:32:18 IST" name="verifyCustomsLink" finished-at="2022-07-18T14:32:19 IST" duration-ms="1020" status="PASS">
          <reporter-output>
          </reporter-output>
        </test-method> <!-- verifyCustomsLink -->
        <test-method is-config="true" signature="tearDown()[pri:0, instance:com.testcase.FindFriendsTest@68878f6d]" started-at="2022-07-18T14:32:19 IST" name="tearDown" finished-at="2022-07-18T14:32:20 IST" duration-ms="251" status="PASS">
          <reporter-output>
          </reporter-output>
        </test-method> <!-- tearDown -->
        <test-method is-config="true" signature="setUp()[pri:0, instance:com.testcase.FindFriendsTest@68878f6d]" started-at="2022-07-18T14:32:20 IST" name="setUp" finished-at="2022-07-18T14:32:28 IST" duration-ms="7982" status="PASS">
          <reporter-output>
          </reporter-output>
        </test-method> <!-- setUp -->
        <test-method signature="add_friend()[pri:6, instance:com.testcase.FindFriendsTest@68878f6d]" started-at="2022-07-18T14:32:28 IST" name="add_friend" finished-at="2022-07-18T14:32:32 IST" duration-ms="4043" status="PASS">
          <reporter-output>
          </reporter-output>
        </test-method> <!-- add_friend -->
        <test-method is-config="true" signature="tearDown()[pri:0, instance:com.testcase.FindFriendsTest@68878f6d]" started-at="2022-07-18T14:32:32 IST" name="tearDown" finished-at="2022-07-18T14:32:32 IST" duration-ms="233" status="PASS">
          <reporter-output>
          </reporter-output>
        </test-method> <!-- tearDown -->
        <test-method is-config="true" signature="setUp()[pri:0, instance:com.testcase.FindFriendsTest@68878f6d]" started-at="2022-07-18T14:32:32 IST" name="setUp" finished-at="2022-07-18T14:32:40 IST" duration-ms="7819" status="PASS">
          <reporter-output>
          </reporter-output>
        </test-method> <!-- setUp -->
        <test-method signature="confirm_friend()[pri:7, instance:com.testcase.FindFriendsTest@68878f6d]" started-at="2022-07-18T14:32:40 IST" name="confirm_friend" finished-at="2022-07-18T14:32:44 IST" duration-ms="4042" status="PASS">
          <reporter-output>
          </reporter-output>
        </test-method> <!-- confirm_friend -->
        <test-method is-config="true" signature="tearDown()[pri:0, instance:com.testcase.FindFriendsTest@68878f6d]" started-at="2022-07-18T14:32:44 IST" name="tearDown" finished-at="2022-07-18T14:32:44 IST" duration-ms="203" status="PASS">
          <reporter-output>
          </reporter-output>
        </test-method> <!-- tearDown -->
      </class> <!-- com.testcase.FindFriendsTest -->
      <class name="com.testcase.LoginPageTest">
        <test-method is-config="true" signature="setUp()[pri:0, instance:com.testcase.LoginPageTest@13d73f29]" started-at="2022-07-18T14:28:46 IST" name="setUp" finished-at="2022-07-18T14:28:51 IST" duration-ms="4918" status="PASS">
          <reporter-output>
          </reporter-output>
        </test-method> <!-- setUp -->
        <test-method signature="multipleLoginTest(java.lang.String,java.lang.String)[pri:0, instance:com.testcase.LoginPageTest@13d73f29]" started-at="2022-07-18T14:28:51 IST" name="multipleLoginTest" data-provider="getLoginTestData" finished-at="2022-07-18T14:28:54 IST" duration-ms="3380" status="PASS">
          <params>
            <param index="0">
              <value>
                <![CDATA[vaibhavbohari@gmail.com]]>
              </value>
            </param>
            <param index="1">
              <value>
                <![CDATA[Vaibhav1@]]>
              </value>
            </param>
          </params>
          <reporter-output>
          </reporter-output>
        </test-method> <!-- multipleLoginTest -->
        <test-method is-config="true" signature="tearDown()[pri:0, instance:com.testcase.LoginPageTest@13d73f29]" started-at="2022-07-18T14:28:54 IST" name="tearDown" finished-at="2022-07-18T14:28:55 IST" duration-ms="316" status="PASS">
          <reporter-output>
          </reporter-output>
        </test-method> <!-- tearDown -->
        <test-method is-config="true" signature="setUp()[pri:0, instance:com.testcase.LoginPageTest@13d73f29]" started-at="2022-07-18T14:28:55 IST" name="setUp" finished-at="2022-07-18T14:28:58 IST" duration-ms="2806" status="PASS">
          <reporter-output>
          </reporter-output>
        </test-method> <!-- setUp -->
        <test-method signature="multipleLoginTest(java.lang.String,java.lang.String)[pri:0, instance:com.testcase.LoginPageTest@13d73f29]" started-at="2022-07-18T14:28:58 IST" name="multipleLoginTest" data-provider="getLoginTestData" finished-at="2022-07-18T14:29:01 IST" duration-ms="3301" status="PASS">
          <params>
            <param index="0">
              <value>
                <![CDATA[vaibhavbohari@1997gmail.com]]>
              </value>
            </param>
            <param index="1">
              <value>
                <![CDATA[Vaibhav2@]]>
              </value>
            </param>
          </params>
          <reporter-output>
          </reporter-output>
        </test-method> <!-- multipleLoginTest -->
        <test-method is-config="true" signature="tearDown()[pri:0, instance:com.testcase.LoginPageTest@13d73f29]" started-at="2022-07-18T14:29:01 IST" name="tearDown" finished-at="2022-07-18T14:29:01 IST" duration-ms="313" status="PASS">
          <reporter-output>
          </reporter-output>
        </test-method> <!-- tearDown -->
        <test-method is-config="true" signature="setUp()[pri:0, instance:com.testcase.LoginPageTest@13d73f29]" started-at="2022-07-18T14:29:01 IST" name="setUp" finished-at="2022-07-18T14:29:04 IST" duration-ms="2912" status="PASS">
          <reporter-output>
          </reporter-output>
        </test-method> <!-- setUp -->
        <test-method signature="multipleLoginTest(java.lang.String,java.lang.String)[pri:0, instance:com.testcase.LoginPageTest@13d73f29]" started-at="2022-07-18T14:29:04 IST" name="multipleLoginTest" data-provider="getLoginTestData" finished-at="2022-07-18T14:29:07 IST" duration-ms="3365" status="PASS">
          <params>
            <param index="0">
              <value>
                <![CDATA[vaibhav@1451gmail.com]]>
              </value>
            </param>
            <param index="1">
              <value>
                <![CDATA[vaibhav589@]]>
              </value>
            </param>
          </params>
          <reporter-output>
          </reporter-output>
        </test-method> <!-- multipleLoginTest -->
        <test-method is-config="true" signature="tearDown()[pri:0, instance:com.testcase.LoginPageTest@13d73f29]" started-at="2022-07-18T14:29:07 IST" name="tearDown" finished-at="2022-07-18T14:29:08 IST" duration-ms="251" status="PASS">
          <reporter-output>
          </reporter-output>
        </test-method> <!-- tearDown -->
        <test-method is-config="true" signature="setUp()[pri:0, instance:com.testcase.LoginPageTest@13d73f29]" started-at="2022-07-18T14:29:08 IST" name="setUp" finished-at="2022-07-18T14:29:10 IST" duration-ms="2575" status="PASS">
          <reporter-output>
          </reporter-output>
        </test-method> <!-- setUp -->
        <test-method signature="loginPageTitleTest()[pri:1, instance:com.testcase.LoginPageTest@13d73f29]" started-at="2022-07-18T14:29:10 IST" name="loginPageTitleTest" finished-at="2022-07-18T14:29:10 IST" duration-ms="12" status="PASS">
          <reporter-output>
          </reporter-output>
        </test-method> <!-- loginPageTitleTest -->
        <test-method is-config="true" signature="tearDown()[pri:0, instance:com.testcase.LoginPageTest@13d73f29]" started-at="2022-07-18T14:29:10 IST" name="tearDown" finished-at="2022-07-18T14:29:11 IST" duration-ms="324" status="PASS">
          <reporter-output>
          </reporter-output>
        </test-method> <!-- tearDown -->
        <test-method is-config="true" signature="setUp()[pri:0, instance:com.testcase.LoginPageTest@13d73f29]" started-at="2022-07-18T14:29:11 IST" name="setUp" finished-at="2022-07-18T14:29:13 IST" duration-ms="2562" status="PASS">
          <reporter-output>
          </reporter-output>
        </test-method> <!-- setUp -->
        <test-method signature="faceBookLogoImageTest()[pri:2, instance:com.testcase.LoginPageTest@13d73f29]" started-at="2022-07-18T14:29:13 IST" name="faceBookLogoImageTest" finished-at="2022-07-18T14:29:13 IST" duration-ms="42" status="PASS">
          <reporter-output>
          </reporter-output>
        </test-method> <!-- faceBookLogoImageTest -->
        <test-method is-config="true" signature="tearDown()[pri:0, instance:com.testcase.LoginPageTest@13d73f29]" started-at="2022-07-18T14:29:13 IST" name="tearDown" finished-at="2022-07-18T14:29:14 IST" duration-ms="325" status="PASS">
          <reporter-output>
          </reporter-output>
        </test-method> <!-- tearDown -->
        <test-method is-config="true" signature="setUp()[pri:0, instance:com.testcase.LoginPageTest@13d73f29]" started-at="2022-07-18T14:29:14 IST" name="setUp" finished-at="2022-07-18T14:29:16 IST" duration-ms="2651" status="PASS">
          <reporter-output>
          </reporter-output>
        </test-method> <!-- setUp -->
        <test-method signature="loginTest()[pri:3, instance:com.testcase.LoginPageTest@13d73f29]" started-at="2022-07-18T14:29:16 IST" name="loginTest" finished-at="2022-07-18T14:29:16 IST" duration-ms="204" status="PASS">
          <reporter-output>
          </reporter-output>
        </test-method> <!-- loginTest -->
        <test-method is-config="true" signature="tearDown()[pri:0, instance:com.testcase.LoginPageTest@13d73f29]" started-at="2022-07-18T14:29:16 IST" name="tearDown" finished-at="2022-07-18T14:29:17 IST" duration-ms="318" status="PASS">
          <reporter-output>
          </reporter-output>
        </test-method> <!-- tearDown -->
      </class> <!-- com.testcase.LoginPageTest -->
      <class name="com.testcase.HomePageTest">
        <test-method is-config="true" signature="setUp()[pri:0, instance:com.testcase.HomePageTest@68746f22]" started-at="2022-07-18T14:29:17 IST" name="setUp" finished-at="2022-07-18T14:29:20 IST" duration-ms="3077" status="PASS">
          <reporter-output>
          </reporter-output>
        </test-method> <!-- setUp -->
        <test-method signature="HomePageTitleTest()[pri:1, instance:com.testcase.HomePageTest@68746f22]" started-at="2022-07-18T14:29:20 IST" name="HomePageTitleTest" finished-at="2022-07-18T14:29:27 IST" duration-ms="7534" status="FAIL">
          <exception class="java.lang.AssertionError">
            <message>
              <![CDATA[expected [Facebook] but found [Facebook – log in or sign up]]]>
            </message>
            <full-stacktrace>
              <![CDATA[java.lang.AssertionError: expected [Facebook] but found [Facebook – log in or sign up]
at org.testng.Assert.fail(Assert.java:99)
at org.testng.Assert.failNotEquals(Assert.java:1037)
at org.testng.Assert.assertEqualsImpl(Assert.java:140)
at org.testng.Assert.assertEquals(Assert.java:122)
at org.testng.Assert.assertEquals(Assert.java:629)
at org.testng.Assert.assertEquals(Assert.java:639)
at com.testcase.HomePageTest.HomePageTitleTest(HomePageTest.java:50)
at java.base/jdk.internal.reflect.NativeMethodAccessorImpl.invoke0(Native Method)
at java.base/jdk.internal.reflect.NativeMethodAccessorImpl.invoke(NativeMethodAccessorImpl.java:77)
at java.base/jdk.internal.reflect.DelegatingMethodAccessorImpl.invoke(DelegatingMethodAccessorImpl.java:43)
at java.base/java.lang.reflect.Method.invoke(Method.java:568)
at org.testng.internal.MethodInvocationHelper.invokeMethod(MethodInvocationHelper.java:133)
at org.testng.internal.TestInvoker.invokeMethod(TestInvoker.java:598)
at org.testng.internal.TestInvoker.invokeTestMethod(TestInvoker.java:173)
at org.testng.internal.MethodRunner.runInSequence(MethodRunner.java:46)
at org.testng.internal.TestInvoker$MethodInvocationAgent.invoke(TestInvoker.java:824)
at org.testng.internal.TestInvoker.invokeTestMethods(TestInvoker.java:146)
at org.testng.internal.TestMethodWorker.invokeTestMethods(TestMethodWorker.java:146)
at org.testng.internal.TestMethodWorker.run(TestMethodWorker.java:128)
at java.base/java.util.ArrayList.forEach(ArrayList.java:1511)
at org.testng.TestRunner.privateRun(TestRunner.java:794)
at org.testng.TestRunner.run(TestRunner.java:596)
at org.testng.SuiteRunner.runTest(SuiteRunner.java:377)
at org.testng.SuiteRunner.runSequentially(SuiteRunner.java:371)
at org.testng.SuiteRunner.privateRun(SuiteRunner.java:332)
at org.testng.SuiteRunner.run(SuiteRunner.java:276)
at org.testng.SuiteRunnerWorker.runSuite(SuiteRunnerWorker.java:53)
at org.testng.SuiteRunnerWorker.run(SuiteRunnerWorker.java:96)
at org.testng.TestNG.runSuitesSequentially(TestNG.java:1212)
at org.testng.TestNG.runSuitesLocally(TestNG.java:1134)
at org.testng.TestNG.runSuites(TestNG.java:1063)
at org.testng.TestNG.run(TestNG.java:1031)
at org.testng.remote.AbstractRemoteTestNG.run(AbstractRemoteTestNG.java:115)
at org.testng.remote.RemoteTestNG.initAndRun(RemoteTestNG.java:251)
at org.testng.remote.RemoteTestNG.main(RemoteTestNG.java:77)
]]>
            </full-stacktrace>
          </exception> <!-- java.lang.AssertionError -->
          <reporter-output>
          </reporter-output>
        </test-method> <!-- HomePageTitleTest -->
        <test-method is-config="true" signature="tearDown()[pri:0, instance:com.testcase.HomePageTest@68746f22]" started-at="2022-07-18T14:29:27 IST" name="tearDown" finished-at="2022-07-18T14:29:28 IST" duration-ms="370" status="PASS">
          <reporter-output>
          </reporter-output>
        </test-method> <!-- tearDown -->
        <test-method is-config="true" signature="setUp()[pri:0, instance:com.testcase.HomePageTest@68746f22]" started-at="2022-07-18T14:29:28 IST" name="setUp" finished-at="2022-07-18T14:29:31 IST" duration-ms="2808" status="PASS">
          <reporter-output>
          </reporter-output>
        </test-method> <!-- setUp -->
        <test-method signature="verifyUserNameTest()[pri:2, instance:com.testcase.HomePageTest@68746f22]" started-at="2022-07-18T14:29:31 IST" name="verifyUserNameTest" finished-at="2022-07-18T14:29:36 IST" duration-ms="5304" status="PASS">
          <reporter-output>
          </reporter-output>
        </test-method> <!-- verifyUserNameTest -->
        <test-method is-config="true" signature="tearDown()[pri:0, instance:com.testcase.HomePageTest@68746f22]" started-at="2022-07-18T14:29:36 IST" name="tearDown" finished-at="2022-07-18T14:29:36 IST" duration-ms="190" status="PASS">
          <reporter-output>
          </reporter-output>
        </test-method> <!-- tearDown -->
        <test-method is-config="true" signature="setUp()[pri:0, instance:com.testcase.HomePageTest@68746f22]" started-at="2022-07-18T14:29:36 IST" name="setUp" finished-at="2022-07-18T14:29:39 IST" duration-ms="2912" status="PASS">
          <reporter-output>
          </reporter-output>
        </test-method> <!-- setUp -->
        <test-method signature="verifyClickOnFriends()[pri:3, instance:com.testcase.HomePageTest@68746f22]" started-at="2022-07-18T14:29:39 IST" name="verifyClickOnFriends" finished-at="2022-07-18T14:29:46 IST" duration-ms="7444" status="PASS">
          <reporter-output>
          </reporter-output>
        </test-method> <!-- verifyClickOnFriends -->
        <test-method is-config="true" signature="tearDown()[pri:0, instance:com.testcase.HomePageTest@68746f22]" started-at="2022-07-18T14:29:46 IST" name="tearDown" finished-at="2022-07-18T14:29:47 IST" duration-ms="171" status="PASS">
          <reporter-output>
          </reporter-output>
        </test-method> <!-- tearDown -->
        <test-method is-config="true" signature="setUp()[pri:0, instance:com.testcase.HomePageTest@68746f22]" started-at="2022-07-18T14:29:47 IST" name="setUp" finished-at="2022-07-18T14:29:49 IST" duration-ms="2719" status="PASS">
          <reporter-output>
          </reporter-output>
        </test-method> <!-- setUp -->
        <test-method signature="verifyHomePage()[pri:4, instance:com.testcase.HomePageTest@68746f22]" started-at="2022-07-18T14:29:49 IST" name="verifyHomePage" finished-at="2022-07-18T14:30:01 IST" duration-ms="11963" status="PASS">
          <reporter-output>
          </reporter-output>
        </test-method> <!-- verifyHomePage -->
        <test-method is-config="true" signature="tearDown()[pri:0, instance:com.testcase.HomePageTest@68746f22]" started-at="2022-07-18T14:30:01 IST" name="tearDown" finished-at="2022-07-18T14:30:01 IST" duration-ms="191" status="PASS">
          <reporter-output>
          </reporter-output>
        </test-method> <!-- tearDown -->
        <test-method is-config="true" signature="setUp()[pri:0, instance:com.testcase.HomePageTest@68746f22]" started-at="2022-07-18T14:30:01 IST" name="setUp" finished-at="2022-07-18T14:30:04 IST" duration-ms="2603" status="PASS">
          <reporter-output>
          </reporter-output>
        </test-method> <!-- setUp -->
        <test-method signature="verifyClickOnLogout()[pri:5, instance:com.testcase.HomePageTest@68746f22]" started-at="2022-07-18T14:30:04 IST" name="verifyClickOnLogout" finished-at="2022-07-18T14:30:15 IST" duration-ms="10669" status="PASS">
          <reporter-output>
          </reporter-output>
        </test-method> <!-- verifyClickOnLogout -->
        <test-method is-config="true" signature="tearDown()[pri:0, instance:com.testcase.HomePageTest@68746f22]" started-at="2022-07-18T14:30:15 IST" name="tearDown" finished-at="2022-07-18T14:30:15 IST" duration-ms="186" status="PASS">
          <reporter-output>
          </reporter-output>
        </test-method> <!-- tearDown -->
        <test-method is-config="true" signature="setUp()[pri:0, instance:com.testcase.HomePageTest@68746f22]" started-at="2022-07-18T14:30:15 IST" name="setUp" finished-at="2022-07-18T14:30:17 IST" duration-ms="2517" status="PASS">
          <reporter-output>
          </reporter-output>
        </test-method> <!-- setUp -->
        <test-method signature="verifyMenuLinkTest()[pri:6, instance:com.testcase.HomePageTest@68746f22]" started-at="2022-07-18T14:30:17 IST" name="verifyMenuLinkTest" finished-at="2022-07-18T14:30:23 IST" duration-ms="5377" status="PASS">
          <reporter-output>
          </reporter-output>
        </test-method> <!-- verifyMenuLinkTest -->
        <test-method is-config="true" signature="tearDown()[pri:0, instance:com.testcase.HomePageTest@68746f22]" started-at="2022-07-18T14:30:23 IST" name="tearDown" finished-at="2022-07-18T14:30:23 IST" duration-ms="329" status="PASS">
          <reporter-output>
          </reporter-output>
        </test-method> <!-- tearDown -->
        <test-method is-config="true" signature="setUp()[pri:0, instance:com.testcase.HomePageTest@68746f22]" started-at="2022-07-18T14:30:23 IST" name="setUp" finished-at="2022-07-18T14:30:26 IST" duration-ms="2820" status="PASS">
          <reporter-output>
          </reporter-output>
        </test-method> <!-- setUp -->
        <test-method signature="verifyMessengerLinkTest()[pri:7, instance:com.testcase.HomePageTest@68746f22]" started-at="2022-07-18T14:30:26 IST" name="verifyMessengerLinkTest" finished-at="2022-07-18T14:30:32 IST" duration-ms="5761" status="PASS">
          <reporter-output>
          </reporter-output>
        </test-method> <!-- verifyMessengerLinkTest -->
        <test-method is-config="true" signature="tearDown()[pri:0, instance:com.testcase.HomePageTest@68746f22]" started-at="2022-07-18T14:30:32 IST" name="tearDown" finished-at="2022-07-18T14:30:32 IST" duration-ms="229" status="PASS">
          <reporter-output>
          </reporter-output>
        </test-method> <!-- tearDown -->
        <test-method is-config="true" signature="setUp()[pri:0, instance:com.testcase.HomePageTest@68746f22]" started-at="2022-07-18T14:30:32 IST" name="setUp" finished-at="2022-07-18T14:30:34 IST" duration-ms="2509" status="PASS">
          <reporter-output>
          </reporter-output>
        </test-method> <!-- setUp -->
        <test-method signature="verifyNotificationsLinkTest()[pri:8, instance:com.testcase.HomePageTest@68746f22]" started-at="2022-07-18T14:30:34 IST" name="verifyNotificationsLinkTest" finished-at="2022-07-18T14:30:40 IST" duration-ms="5106" status="PASS">
          <reporter-output>
          </reporter-output>
        </test-method> <!-- verifyNotificationsLinkTest -->
        <test-method is-config="true" signature="tearDown()[pri:0, instance:com.testcase.HomePageTest@68746f22]" started-at="2022-07-18T14:30:40 IST" name="tearDown" finished-at="2022-07-18T14:30:40 IST" duration-ms="231" status="PASS">
          <reporter-output>
          </reporter-output>
        </test-method> <!-- tearDown -->
      </class> <!-- com.testcase.HomePageTest -->
      <class name="com.testcase.ProfilePageTest">
        <test-method is-config="true" signature="setUp()[pri:0, instance:com.testcase.ProfilePageTest@2f01783a]" started-at="2022-07-18T14:30:40 IST" name="setUp" finished-at="2022-07-18T14:30:42 IST" duration-ms="2671" status="PASS">
          <reporter-output>
          </reporter-output>
        </test-method> <!-- setUp -->
        <test-method signature="click_profilePage()[pri:1, instance:com.testcase.ProfilePageTest@2f01783a]" started-at="2022-07-18T14:30:42 IST" name="click_profilePage" finished-at="2022-07-18T14:30:48 IST" duration-ms="5303" status="PASS">
          <reporter-output>
          </reporter-output>
        </test-method> <!-- click_profilePage -->
        <test-method is-config="true" signature="tearDown()[pri:0, instance:com.testcase.ProfilePageTest@2f01783a]" started-at="2022-07-18T14:30:48 IST" name="tearDown" finished-at="2022-07-18T14:30:48 IST" duration-ms="184" status="PASS">
          <reporter-output>
          </reporter-output>
        </test-method> <!-- tearDown -->
        <test-method is-config="true" signature="setUp()[pri:0, instance:com.testcase.ProfilePageTest@2f01783a]" started-at="2022-07-18T14:30:48 IST" name="setUp" finished-at="2022-07-18T14:30:50 IST" duration-ms="2417" status="PASS">
          <reporter-output>
          </reporter-output>
        </test-method> <!-- setUp -->
        <test-method signature="verifyProfile()[pri:2, instance:com.testcase.ProfilePageTest@2f01783a]" started-at="2022-07-18T14:30:50 IST" name="verifyProfile" finished-at="2022-07-18T14:30:55 IST" duration-ms="5075" status="PASS">
          <reporter-output>
          </reporter-output>
        </test-method> <!-- verifyProfile -->
        <test-method is-config="true" signature="tearDown()[pri:0, instance:com.testcase.ProfilePageTest@2f01783a]" started-at="2022-07-18T14:30:55 IST" name="tearDown" finished-at="2022-07-18T14:30:56 IST" duration-ms="248" status="PASS">
          <reporter-output>
          </reporter-output>
        </test-method> <!-- tearDown -->
        <test-method is-config="true" signature="setUp()[pri:0, instance:com.testcase.ProfilePageTest@2f01783a]" started-at="2022-07-18T14:30:56 IST" name="setUp" finished-at="2022-07-18T14:30:58 IST" duration-ms="2619" status="PASS">
          <reporter-output>
          </reporter-output>
        </test-method> <!-- setUp -->
        <test-method signature="click_uploadPhoto()[pri:3, instance:com.testcase.ProfilePageTest@2f01783a]" started-at="2022-07-18T14:30:58 IST" name="click_uploadPhoto" finished-at="2022-07-18T14:31:33 IST" duration-ms="34429" status="FAIL">
          <exception class="org.openqa.selenium.NoSuchElementException">
            <message>
              <![CDATA[no such element: Unable to locate element: {"method":"xpath","selector":"//span[text()='Save']"}
  (Session info: chrome=103.0.5060.114)
For documentation on this error, please visit: https://selenium.dev/exceptions/#no_such_element
Build info: version: '4.1.4', revision: '535d840ee2'
System info: host: 'LAPTOP-N926GS71', ip: '192.168.43.185', os.name: 'Windows 11', os.arch: 'amd64', os.version: '10.0', java.version: '17.0.2'
Driver info: org.openqa.selenium.chrome.ChromeDriver
Command: [958d8824fb0dcd9811b03de10e90ffae, findElement {using=xpath, value=//span[text()='Save']}]
Capabilities {acceptInsecureCerts: false, browserName: chrome, browserVersion: 103.0.5060.114, chrome: {chromedriverVersion: 103.0.5060.53 (a1711811edd7..., userDataDir: C:\Users\VAIBHAV\AppData\Lo...}, goog:chromeOptions: {debuggerAddress: localhost:53040}, javascriptEnabled: true, networkConnectionEnabled: false, pageLoadStrategy: normal, platform: WINDOWS, platformName: WINDOWS, proxy: Proxy(), se:cdp: ws://localhost:53040/devtoo..., se:cdpVersion: 103.0.5060.114, setWindowRect: true, strictFileInteractability: false, timeouts: {implicit: 0, pageLoad: 300000, script: 30000}, unhandledPromptBehavior: dismiss and notify, webauthn:extension:credBlob: true, webauthn:extension:largeBlob: true, webauthn:virtualAuthenticators: true}
Session ID: 958d8824fb0dcd9811b03de10e90ffae]]>
            </message>
            <full-stacktrace>
              <![CDATA[org.openqa.selenium.NoSuchElementException: no such element: Unable to locate element: {"method":"xpath","selector":"//span[text()='Save']"}
  (Session info: chrome=103.0.5060.114)
For documentation on this error, please visit: https://selenium.dev/exceptions/#no_such_element
Build info: version: '4.1.4', revision: '535d840ee2'
System info: host: 'LAPTOP-N926GS71', ip: '192.168.43.185', os.name: 'Windows 11', os.arch: 'amd64', os.version: '10.0', java.version: '17.0.2'
Driver info: org.openqa.selenium.chrome.ChromeDriver
Command: [958d8824fb0dcd9811b03de10e90ffae, findElement {using=xpath, value=//span[text()='Save']}]
Capabilities {acceptInsecureCerts: false, browserName: chrome, browserVersion: 103.0.5060.114, chrome: {chromedriverVersion: 103.0.5060.53 (a1711811edd7..., userDataDir: C:\Users\VAIBHAV\AppData\Lo...}, goog:chromeOptions: {debuggerAddress: localhost:53040}, javascriptEnabled: true, networkConnectionEnabled: false, pageLoadStrategy: normal, platform: WINDOWS, platformName: WINDOWS, proxy: Proxy(), se:cdp: ws://localhost:53040/devtoo..., se:cdpVersion: 103.0.5060.114, setWindowRect: true, strictFileInteractability: false, timeouts: {implicit: 0, pageLoad: 300000, script: 30000}, unhandledPromptBehavior: dismiss and notify, webauthn:extension:credBlob: true, webauthn:extension:largeBlob: true, webauthn:virtualAuthenticators: true}
Session ID: 958d8824fb0dcd9811b03de10e90ffae
at java.base/jdk.internal.reflect.NativeConstructorAccessorImpl.newInstance0(Native Method)
at java.base/jdk.internal.reflect.NativeConstructorAccessorImpl.newInstance(NativeConstructorAccessorImpl.java:77)
at java.base/jdk.internal.reflect.DelegatingConstructorAccessorImpl.newInstance(DelegatingConstructorAccessorImpl.java:45)
at java.base/java.lang.reflect.Constructor.newInstanceWithCaller(Constructor.java:499)
at java.base/java.lang.reflect.Constructor.newInstance(Constructor.java:480)
at org.openqa.selenium.remote.codec.w3c.W3CHttpResponseCodec.createException(W3CHttpResponseCodec.java:200)
at org.openqa.selenium.remote.codec.w3c.W3CHttpResponseCodec.decode(W3CHttpResponseCodec.java:133)
at org.openqa.selenium.remote.codec.w3c.W3CHttpResponseCodec.decode(W3CHttpResponseCodec.java:53)
at org.openqa.selenium.remote.HttpCommandExecutor.execute(HttpCommandExecutor.java:184)
at org.openqa.selenium.remote.service.DriverCommandExecutor.invokeExecute(DriverCommandExecutor.java:167)
at org.openqa.selenium.remote.service.DriverCommandExecutor.execute(DriverCommandExecutor.java:142)
at org.openqa.selenium.remote.RemoteWebDriver.execute(RemoteWebDriver.java:567)
at org.openqa.selenium.remote.ElementLocation$ElementFinder$2.findElement(ElementLocation.java:162)
at org.openqa.selenium.remote.ElementLocation.findElement(ElementLocation.java:60)
at org.openqa.selenium.remote.RemoteWebDriver.findElement(RemoteWebDriver.java:385)
at org.openqa.selenium.remote.RemoteWebDriver.findElement(RemoteWebDriver.java:377)
at jdk.internal.reflect.GeneratedMethodAccessor11.invoke(Unknown Source)
at java.base/jdk.internal.reflect.DelegatingMethodAccessorImpl.invoke(DelegatingMethodAccessorImpl.java:43)
at java.base/java.lang.reflect.Method.invoke(Method.java:568)
at org.openqa.selenium.support.events.EventFiringWebDriver.lambda$new$1(EventFiringWebDriver.java:115)
at jdk.proxy2/jdk.proxy2.$Proxy19.findElement(Unknown Source)
at org.openqa.selenium.support.events.EventFiringWebDriver.findElement(EventFiringWebDriver.java:204)
at org.openqa.selenium.support.pagefactory.DefaultElementLocator.findElement(DefaultElementLocator.java:70)
at org.openqa.selenium.support.pagefactory.internal.LocatingElementHandler.invoke(LocatingElementHandler.java:39)
at jdk.proxy2/jdk.proxy2.$Proxy23.click(Unknown Source)
at com.pages.ProfilePage.click_photoUpload(ProfilePage.java:62)
at com.testcase.ProfilePageTest.click_uploadPhoto(ProfilePageTest.java:50)
at java.base/jdk.internal.reflect.NativeMethodAccessorImpl.invoke0(Native Method)
at java.base/jdk.internal.reflect.NativeMethodAccessorImpl.invoke(NativeMethodAccessorImpl.java:77)
at java.base/jdk.internal.reflect.DelegatingMethodAccessorImpl.invoke(DelegatingMethodAccessorImpl.java:43)
at java.base/java.lang.reflect.Method.invoke(Method.java:568)
at org.testng.internal.MethodInvocationHelper.invokeMethod(MethodInvocationHelper.java:133)
at org.testng.internal.TestInvoker.invokeMethod(TestInvoker.java:598)
at org.testng.internal.TestInvoker.invokeTestMethod(TestInvoker.java:173)
at org.testng.internal.MethodRunner.runInSequence(MethodRunner.java:46)
at org.testng.internal.TestInvoker$MethodInvocationAgent.invoke(TestInvoker.java:824)
at org.testng.internal.TestInvoker.invokeTestMethods(TestInvoker.java:146)
at org.testng.internal.TestMethodWorker.invokeTestMethods(TestMethodWorker.java:146)
at org.testng.internal.TestMethodWorker.run(TestMethodWorker.java:128)
at java.base/java.util.ArrayList.forEach(ArrayList.java:1511)
at org.testng.TestRunner.privateRun(TestRunner.java:794)
at org.testng.TestRunner.run(TestRunner.java:596)
at org.testng.SuiteRunner.runTest(SuiteRunner.java:377)
at org.testng.SuiteRunner.runSequentially(SuiteRunner.java:371)
at org.testng.SuiteRunner.privateRun(SuiteRunner.java:332)
at org.testng.SuiteRunner.run(SuiteRunner.java:276)
at org.testng.SuiteRunnerWorker.runSuite(SuiteRunnerWorker.java:53)
at org.testng.SuiteRunnerWorker.run(SuiteRunnerWorker.java:96)
at org.testng.TestNG.runSuitesSequentially(TestNG.java:1212)
at org.testng.TestNG.runSuitesLocally(TestNG.java:1134)
at org.testng.TestNG.runSuites(TestNG.java:1063)
at org.testng.TestNG.run(TestNG.java:1031)
at org.testng.remote.AbstractRemoteTestNG.run(AbstractRemoteTestNG.java:115)
at org.testng.remote.RemoteTestNG.initAndRun(RemoteTestNG.java:251)
at org.testng.remote.RemoteTestNG.main(RemoteTestNG.java:77)
]]>
            </full-stacktrace>
          </exception> <!-- org.openqa.selenium.NoSuchElementException -->
          <reporter-output>
          </reporter-output>
        </test-method> <!-- click_uploadPhoto -->
        <test-method is-config="true" signature="tearDown()[pri:0, instance:com.testcase.ProfilePageTest@2f01783a]" started-at="2022-07-18T14:31:33 IST" name="tearDown" finished-at="2022-07-18T14:31:33 IST" duration-ms="607" status="PASS">
          <reporter-output>
          </reporter-output>
        </test-method> <!-- tearDown -->
      </class> <!-- com.testcase.ProfilePageTest -->
      <class name="com.testcase.SignUpPageTest">
        <test-method is-config="true" signature="setUp()[pri:0, instance:com.testcase.SignUpPageTest@41488b16]" started-at="2022-07-18T14:32:44 IST" name="setUp" finished-at="2022-07-18T14:32:47 IST" duration-ms="2590" status="PASS">
          <reporter-output>
          </reporter-output>
        </test-method> <!-- setUp -->
        <test-method signature="signUpPageTitleTest()[pri:1, instance:com.testcase.SignUpPageTest@41488b16]" started-at="2022-07-18T14:32:47 IST" name="signUpPageTitleTest" finished-at="2022-07-18T14:32:47 IST" duration-ms="13" status="PASS">
          <reporter-output>
          </reporter-output>
        </test-method> <!-- signUpPageTitleTest -->
        <test-method is-config="true" signature="tearDown()[pri:0, instance:com.testcase.SignUpPageTest@41488b16]" started-at="2022-07-18T14:32:47 IST" name="tearDown" finished-at="2022-07-18T14:32:47 IST" duration-ms="231" status="PASS">
          <reporter-output>
          </reporter-output>
        </test-method> <!-- tearDown -->
        <test-method is-config="true" signature="setUp()[pri:0, instance:com.testcase.SignUpPageTest@41488b16]" started-at="2022-07-18T14:32:47 IST" name="setUp" finished-at="2022-07-18T14:32:49 IST" duration-ms="2606" status="PASS">
          <reporter-output>
          </reporter-output>
        </test-method> <!-- setUp -->
        <test-method signature="SignUpTest()[pri:2, instance:com.testcase.SignUpPageTest@41488b16]" started-at="2022-07-18T14:32:49 IST" name="SignUpTest" finished-at="2022-07-18T14:32:51 IST" duration-ms="1598" status="PASS">
          <reporter-output>
          </reporter-output>
        </test-method> <!-- SignUpTest -->
        <test-method is-config="true" signature="tearDown()[pri:0, instance:com.testcase.SignUpPageTest@41488b16]" started-at="2022-07-18T14:32:51 IST" name="tearDown" finished-at="2022-07-18T14:32:51 IST" duration-ms="264" status="PASS">
          <reporter-output>
          </reporter-output>
        </test-method> <!-- tearDown -->
      </class> <!-- com.testcase.SignUpPageTest -->
    </test> <!-- Facebook App Test Cases -->
  </suite> <!-- Facebook Application Test Automation Test Suite -->
</testng-results>
