<?xml version="1.0" encoding="UTF-8"?>
<!-- Generated by org.testng.reporters.JUnitReportReporter -->
<testsuite hostname="LAPTOP-N926GS71" failures="1" tests="7" name="com.testcase.FindFriendsTest" time="128.681" errors="0" timestamp="2022-07-18T21:55:52 IST" skipped="0">
  <testcase classname="com.testcase.FindFriendsTest" name="verifyFindFriendsTitleTest" time="9.882">
    <failure message="Home Page is Incorrect expected [Facebook] but found [(1) Facebook]" type="java.lang.AssertionError">
      <![CDATA[java.lang.AssertionError: Home Page is Incorrect expected [Facebook] but found [(1) Facebook]
at org.testng.Assert.fail(Assert.java:99)
at org.testng.Assert.failNotEquals(Assert.java:1037)
at org.testng.Assert.assertEqualsImpl(Assert.java:140)
at org.testng.Assert.assertEquals(Assert.java:122)
at org.testng.Assert.assertEquals(Assert.java:629)
at com.testcase.FindFriendsTest.verifyFindFriendsTitleTest(FindFriendsTest.java:36)
at java.base/jdk.internal.reflect.NativeMethodAccessorImpl.invoke0(Native Method)
at java.base/jdk.internal.reflect.NativeMethodAccessorImpl.invoke(NativeMethodAccessorImpl.java:77)
at java.base/jdk.internal.reflect.DelegatingMethodAccessorImpl.invoke(DelegatingMethodAccessorImpl.java:43)
at java.base/java.lang.reflect.Method.invoke(Method.java:568)
at org.testng.internal.MethodInvocationHelper.invokeMethod(MethodInvocationHelper.java:133)
at org.testng.internal.TestInvoker.invokeMethod(TestInvoker.java:598)
at org.testng.internal.TestInvoker.invokeTestMethod(TestInvoker.java:173)
at org.testng.internal.MethodRunner.runInSequence(MethodRunner.java:46)
at org.testng.internal.TestInvoker$MethodInvocationAgent.invoke(TestInvoker.java:824)
at org.testng.internal.TestInvoker.invokeTestMethods(TestInvoker.java:146)
at org.testng.internal.TestMethodWorker.invokeTestMethods(TestMethodWorker.java:146)
at org.testng.internal.TestMethodWorker.run(TestMethodWorker.java:128)
at java.base/java.util.ArrayList.forEach(ArrayList.java:1511)
at org.testng.TestRunner.privateRun(TestRunner.java:794)
at org.testng.TestRunner.run(TestRunner.java:596)
at org.testng.SuiteRunner.runTest(SuiteRunner.java:377)
at org.testng.SuiteRunner.runSequentially(SuiteRunner.java:371)
at org.testng.SuiteRunner.privateRun(SuiteRunner.java:332)
at org.testng.SuiteRunner.run(SuiteRunner.java:276)
at org.testng.SuiteRunnerWorker.runSuite(SuiteRunnerWorker.java:53)
at org.testng.SuiteRunnerWorker.run(SuiteRunnerWorker.java:96)
at org.testng.TestNG.runSuitesSequentially(TestNG.java:1212)
at org.testng.TestNG.runSuitesLocally(TestNG.java:1134)
at org.testng.TestNG.runSuites(TestNG.java:1063)
at org.testng.TestNG.run(TestNG.java:1031)
at org.testng.remote.AbstractRemoteTestNG.run(AbstractRemoteTestNG.java:115)
at org.testng.remote.RemoteTestNG.initAndRun(RemoteTestNG.java:251)
at org.testng.remote.RemoteTestNG.main(RemoteTestNG.java:77)
]]>
    </failure>
  </testcase> <!-- verifyFindFriendsTitleTest -->
  <system-out/>
  <testcase classname="com.testcase.FindFriendsTest" name="verifyFriendRequestLink" time="11.213"/>
  <system-out/>
  <testcase classname="com.testcase.FindFriendsTest" name="verifySuggestionsLink" time="26.523"/>
  <system-out/>
  <testcase classname="com.testcase.FindFriendsTest" name="verifyBirthdaysLink" time="28.898"/>
  <system-out/>
  <testcase classname="com.testcase.FindFriendsTest" name="verifyCustomsLink" time="16.169"/>
  <system-out/>
  <testcase classname="com.testcase.FindFriendsTest" name="add_friend" time="21.504"/>
  <system-out/>
  <testcase classname="com.testcase.FindFriendsTest" name="confirm_friend" time="14.492"/>
  <system-out/>
</testsuite> <!-- com.testcase.FindFriendsTest -->
